<?xml version="1.0" encoding="UTF-8"?>
<!-- Generated by org.testng.reporters.JUnitReportReporter -->
<testsuite hostname="yogesh" failures="0" tests="2" name="com.test.ex8_OAuth" time="5.768" errors="0" timestamp="2024-07-10T16:43:41 IST" skipped="0">
  <testcase classname="com.test.ex8_OAuth" name="getCourseDetails" time="0.577"/>
  <system-out/>
  <testcase classname="com.test.ex8_OAuth" name="generateToken" time="5.191"/>
  <system-out/>
</testsuite> <!-- com.test.ex8_OAuth -->
