<?xml version="1.0" encoding="UTF-8"?>
<!-- Generated by org.testng.reporters.JUnitReportReporter -->
<testsuite hostname="DOCQIN205" failures="0" tests="1" name="com.test.ex4_test" time="1.677" errors="0" timestamp="2024-06-26T23:19:42 IST" skipped="0">
  <testcase classname="com.test.ex4_test" name="add" time="1.677"/>
  <system-out/>
</testsuite> <!-- com.test.ex4_test -->
