<?xml version="1.0" encoding="UTF-8"?>
<!-- Generated by org.testng.reporters.JUnitReportReporter -->
<testsuite hostname="DOCQIN205" failures="0" tests="4" name="com.test.ex1_test2" time="5.175" errors="0" timestamp="2024-06-26T19:24:25 IST" skipped="0">
  <testcase classname="com.test.ex1_test2" name="get2" time="0.985"/>
  <system-out/>
  <testcase classname="com.test.ex1_test2" name="add" time="1.804"/>
  <system-out/>
  <testcase classname="com.test.ex1_test2" name="get" time="1.139"/>
  <system-out/>
  <testcase classname="com.test.ex1_test2" name="update" time="1.247"/>
  <system-out/>
</testsuite> <!-- com.test.ex1_test2 -->
