<?xml version="1.0" encoding="UTF-8"?>
<!-- Generated by org.testng.reporters.JUnitReportReporter -->
<testsuite hostname="DOCQIN205" failures="0" tests="3" name="com.test.ex5_dataProvider" time="0.008" errors="0" timestamp="2024-06-26T23:50:49 IST" skipped="0">
  <testcase classname="com.test.ex5_dataProvider" name="main" time="0.001"/>
  <system-out/>
  <testcase classname="com.test.ex5_dataProvider" name="main" time="0.001"/>
  <system-out/>
  <testcase classname="com.test.ex5_dataProvider" name="main" time="0.006"/>
  <system-out/>
</testsuite> <!-- com.test.ex5_dataProvider -->
