<?xml version="1.0" encoding="UTF-8"?>
<!-- Generated by org.testng.reporters.JUnitReportReporter -->
<testsuite hostname="DOCQIN205" failures="0" tests="2" name="com.test.ex1_test" time="1.616" errors="0" timestamp="2024-06-25T19:49:24 IST" skipped="0">
  <testcase classname="com.test.ex1_test" name="test2" time="0.512"/>
  <system-out/>
  <testcase classname="com.test.ex1_test" name="masdsh" time="1.104"/>
  <system-out/>
</testsuite> <!-- com.test.ex1_test -->
