<?xml version="1.0" encoding="UTF-8"?>
<!-- Generated by org.testng.reporters.JUnitReportReporter -->
<testsuite hostname="DOCQIN205" failures="0" tests="2" name="com.test.ex7_jiraApi" time="4.418" errors="0" timestamp="2024-06-27T16:16:43 IST" skipped="0">
  <testcase classname="com.test.ex7_jiraApi" name="createBug" time="2.843"/>
  <system-out/>
  <testcase classname="com.test.ex7_jiraApi" name="attachBug" time="1.575"/>
  <system-out/>
</testsuite> <!-- com.test.ex7_jiraApi -->
