<?xml version="1.0" encoding="UTF-8"?>
<!-- Generated by org.testng.reporters.JUnitReportReporter -->
<testsuite hostname="yogesh" failures="0" tests="1" name="com.test.ex3_test" time="1.102" errors="0" timestamp="2024-07-03T18:59:44 IST" skipped="0">
  <testcase classname="com.test.ex3_test" name="get" time="1.102"/>
  <system-out/>
</testsuite> <!-- com.test.ex3_test -->
